<?xml version="1.0" encoding="UTF-8"?>
<!-- Generated by org.testng.reporters.JUnitReportReporter -->
<testsuite hostname="EPSGSINW008F" failures="0" tests="1" name="MavenProject.JenkinsJobs.AppTest" time="0.003" errors="0" timestamp="2022-04-19T17:13:31 SGT" skipped="0">
  <testcase classname="MavenProject.JenkinsJobs.AppTest" name="shouldAnswerWithTrue" time="0.003"/>
  <system-out/>
</testsuite> <!-- MavenProject.JenkinsJobs.AppTest -->
