<?xml version="1.0" encoding="UTF-8"?>
<!-- Generated by org.testng.reporters.JUnitReportReporter -->
<testsuite hostname="EPSGSINW008F" failures="0" tests="2" name="MavenProject.JenkinsJobs.JenkinsTest" time="0.007" errors="0" timestamp="2022-04-19T17:08:45 SGT" skipped="0">
  <testcase classname="MavenProject.JenkinsJobs.JenkinsTest" name="writeNotes" time="0.006"/>
  <system-out/>
  <testcase classname="MavenProject.JenkinsJobs.JenkinsTest" name="printNotes" time="0.001"/>
  <system-out/>
</testsuite> <!-- MavenProject.JenkinsJobs.JenkinsTest -->
